2025-05-18 22:31:59,783 - INFO - Inicio de la AplicaciÛn
2025-05-18 22:34:46,125 - INFO - Inicio de la Aplicaci√≥n
2025-05-18 23:02:47,780 - INFO - Inicio de la Aplicaci√≥n
2025-05-18 23:02:58,314 - INFO - 
Mascota '1' registrada con √©xito.
2025-05-18 23:03:13,319 - WARNING - Mascota '2' no encontrada.
2025-05-18 23:03:16,542 - WARNING - Mascota '2' no encontrada.
2025-05-18 23:03:25,023 - INFO - 
Mascota '2' registrada con √©xito.
2025-05-18 23:03:41,364 - INFO - 
Mascota '3' registrada con √©xito.
2025-05-18 23:03:44,784 - WARNING - Error al registrar mascota: El nombre de la mascota no puede estar vac√≠o
2025-05-18 23:03:53,406 - WARNING - Error al registrar mascota: La especie no puede estar vac√≠a
2025-05-18 23:04:12,338 - INFO - Consulta registrada para '1' el 1.
2025-05-18 23:04:55,927 - INFO - Cierre de la aplicaci√≥n
2025-05-19 23:29:39,507 - INFO - Inicio de la Aplicaci√≥n
2025-05-19 23:30:36,080 - INFO - 
Mascota 'Luna' registrada con √©xito.
2025-05-19 23:31:09,803 - INFO - 
Mascota 'Mia' registrada con √©xito.
2025-05-19 23:31:53,471 - INFO - Consulta registrada para 'Mia' el 19/05/2025.
2025-05-19 23:32:35,457 - INFO - Consulta registrada para 'Mia' el 22/05/2025.
2025-05-19 23:33:27,417 - INFO - Consulta registrada para 'Luna' el 26/05/2025.
2025-05-19 23:33:37,302 - INFO - Datos de mascotas y due√±os guardados en archivo CSV.
2025-05-19 23:33:37,309 - INFO - Datos de consultas guardados en archivo JSON.
2025-05-19 23:33:37,309 - INFO - Cierre de la aplicaci√≥n
