2025-05-18 22:31:59,783 - INFO - Inicio de la Aplicaci蚤
2025-05-18 22:34:46,125 - INFO - Inicio de la Aplicaci칩n
2025-05-18 23:02:47,780 - INFO - Inicio de la Aplicaci칩n
2025-05-18 23:02:58,314 - INFO - 
Mascota '1' registrada con 칠xito.
2025-05-18 23:03:13,319 - WARNING - Mascota '2' no encontrada.
2025-05-18 23:03:16,542 - WARNING - Mascota '2' no encontrada.
2025-05-18 23:03:25,023 - INFO - 
Mascota '2' registrada con 칠xito.
2025-05-18 23:03:41,364 - INFO - 
Mascota '3' registrada con 칠xito.
2025-05-18 23:03:44,784 - WARNING - Error al registrar mascota: El nombre de la mascota no puede estar vac칤o
2025-05-18 23:03:53,406 - WARNING - Error al registrar mascota: La especie no puede estar vac칤a
2025-05-18 23:04:12,338 - INFO - Consulta registrada para '1' el 1.
2025-05-18 23:04:55,927 - INFO - Cierre de la aplicaci칩n
2025-05-19 23:29:39,507 - INFO - Inicio de la Aplicaci칩n
2025-05-19 23:30:36,080 - INFO - 
Mascota 'Luna' registrada con 칠xito.
2025-05-19 23:31:09,803 - INFO - 
Mascota 'Mia' registrada con 칠xito.
2025-05-19 23:31:53,471 - INFO - Consulta registrada para 'Mia' el 19/05/2025.
2025-05-19 23:32:35,457 - INFO - Consulta registrada para 'Mia' el 22/05/2025.
2025-05-19 23:33:27,417 - INFO - Consulta registrada para 'Luna' el 26/05/2025.
2025-05-19 23:33:37,302 - INFO - Datos de mascotas y due침os guardados en archivo CSV.
2025-05-19 23:33:37,309 - INFO - Datos de consultas guardados en archivo JSON.
2025-05-19 23:33:37,309 - INFO - Cierre de la aplicaci칩n
2025-05-28 19:38:58,161 - INFO - Datos de mascotas y due침os guardados en archivo CSV.
2025-05-28 19:38:58,162 - INFO - Datos de consultas guardados en archivo JSON.
2025-05-28 19:38:58,165 - INFO - Datos de mascotas y due침os guardados en archivo CSV.
2025-05-28 19:38:58,166 - INFO - Datos de consultas guardados en archivo JSON.
2025-05-28 19:47:31,290 - INFO - Inicio de la Aplicaci칩n
2025-05-28 19:47:31,291 - INFO - El archivo 'Mascotas_due침os.csv' no existe. No se realiza ninguna carga
2025-05-28 19:47:31,291 - INFO - El archivo 'consultas.json' no existe. No se realiza ninguna carga
2025-05-28 19:48:32,383 - INFO - Inicio de la Aplicaci칩n
2025-05-28 19:48:32,384 - INFO - Datos de mascotas y due침os cargados desde Mascotas_due침os.csv.
2025-05-28 19:48:32,384 - INFO - Datos de consultas cargados exitosamente desde 'consultas.json'.
2025-05-28 19:48:41,522 - INFO - Datos de mascotas y due침os guardados en archivo CSV.
2025-05-28 19:48:41,524 - INFO - Datos de consultas guardados en archivo JSON.
2025-05-28 19:48:41,525 - INFO - Cierre de la aplicaci칩n
2025-05-28 19:48:47,064 - INFO - Inicio de la Aplicaci칩n
2025-05-28 19:48:47,065 - INFO - Datos de mascotas y due침os cargados desde Mascotas_due침os.csv.
2025-05-28 19:48:47,067 - INFO - Datos de consultas cargados exitosamente desde 'consultas.json'.
2025-05-28 19:49:16,321 - INFO - 
Mascota 'Misifu' registrada con 칠xito.
2025-05-28 19:49:24,137 - INFO - Datos de mascotas y due침os guardados en archivo CSV.
2025-05-28 19:49:24,138 - INFO - Datos de consultas guardados en archivo JSON.
2025-05-28 19:49:30,181 - INFO - Datos de mascotas y due침os guardados en archivo CSV.
2025-05-28 19:49:30,183 - INFO - Datos de consultas guardados en archivo JSON.
2025-05-28 19:49:30,184 - INFO - Cierre de la aplicaci칩n
2025-05-28 19:49:52,597 - INFO - Datos de mascotas y due침os guardados en archivo CSV.
2025-05-28 19:49:52,598 - INFO - Datos de consultas guardados en archivo JSON.
2025-05-28 19:49:52,601 - INFO - Datos de mascotas y due침os guardados en archivo CSV.
2025-05-28 19:49:52,602 - INFO - Datos de consultas guardados en archivo JSON.
2025-05-28 19:51:07,359 - INFO - Inicio de la Aplicaci칩n
2025-05-28 19:51:07,360 - INFO - Datos de mascotas y due침os cargados desde Mascotas_due침os.csv.
2025-05-28 19:51:07,360 - INFO - Datos de consultas cargados exitosamente desde 'consultas.json'.
2025-05-28 19:52:33,227 - INFO - Datos de mascotas y due침os guardados en archivo CSV.
2025-05-28 19:52:33,228 - INFO - Datos de consultas guardados en archivo JSON.
2025-05-28 19:52:33,231 - INFO - Datos de mascotas y due침os guardados en archivo CSV.
2025-05-28 19:52:33,232 - INFO - Datos de consultas guardados en archivo JSON.
2025-05-28 19:55:29,263 - INFO - Datos de mascotas y due침os guardados en archivo CSV.
2025-05-28 19:55:29,264 - INFO - Datos de consultas guardados en archivo JSON.
2025-05-28 19:55:29,267 - INFO - Datos de mascotas y due침os guardados en archivo CSV.
2025-05-28 19:55:29,268 - INFO - Datos de consultas guardados en archivo JSON.
2025-05-28 20:10:30,102 - INFO - Inicio de la Aplicaci칩n
2025-05-28 20:10:30,103 - INFO - Datos de mascotas y due침os cargados desde Mascotas_due침os.csv.
2025-05-28 20:10:30,104 - INFO - Datos de consultas cargados exitosamente desde 'consultas.json'.
2025-05-28 20:11:06,259 - WARNING - Mascota 'a' no encontrada.
2025-05-28 20:11:19,862 - WARNING - Error al registrar mascota: El tel칠fono debe tener exactamente 10 d칤gitos num칠ricos.
2025-05-28 20:11:30,844 - INFO - 
Mascota 'a' registrada con 칠xito.
2025-05-28 20:48:16,401 - INFO - Inicio de la Aplicaci칩n
2025-05-28 20:48:16,409 - INFO - Datos de mascotas y due침os cargados desde Mascotas_due침os.csv.
2025-05-28 20:48:16,416 - INFO - Datos de consultas cargados exitosamente desde consultas.json.
2025-05-28 20:48:47,532 - INFO - 
Mascota 'Luna' registrada con 칠xito.
2025-05-28 20:48:49,783 - INFO - Datos de mascotas y due침os guardados en archivo CSV: Mascotas_due침os.csv.
2025-05-28 20:48:49,785 - INFO - Datos de consultas guardados en archivo JSON: consultas.json.
2025-05-28 20:49:29,159 - INFO - 
Mascota 'Mia' registrada con 칠xito.
2025-05-28 20:49:59,171 - INFO - Consulta registrada para 'Mia' el 19/05/2025.
2025-05-28 20:50:14,800 - INFO - Datos de mascotas y due침os guardados en archivo CSV: Mascotas_due침os.csv.
2025-05-28 20:50:14,801 - INFO - Datos de consultas guardados en archivo JSON: consultas.json.
2025-05-28 20:50:48,670 - INFO - Consulta registrada para 'Luna' el 20/05/2025.
2025-05-28 20:50:51,264 - INFO - Datos de mascotas y due침os guardados en archivo CSV: Mascotas_due침os.csv.
2025-05-28 20:50:51,266 - INFO - Datos de consultas guardados en archivo JSON: consultas.json.
2025-05-28 20:51:26,650 - INFO - Datos de mascotas y due침os guardados en archivo CSV: Mascotas_due침os.csv.
2025-05-28 20:51:26,651 - INFO - Datos de consultas guardados en archivo JSON: consultas.json.
2025-05-28 20:51:26,652 - INFO - Cierre de la aplicaci칩n
2025-05-28 21:00:48,897 - INFO - Datos de mascotas y due침os guardados en archivo CSV: Mascotas_due침os.csv.
2025-05-28 21:00:48,899 - INFO - Datos de consultas guardados en archivo JSON: consultas.json.
2025-05-28 21:00:48,901 - INFO - Datos de mascotas y due침os guardados en archivo CSV: Mascotas_due침os.csv.
2025-05-28 21:00:48,902 - INFO - Datos de consultas guardados en archivo JSON: consultas.json.
2025-05-28 21:03:09,251 - INFO - Datos de mascotas y due침os guardados en archivo CSV: C:\Users\camil\AppData\Local\Temp\tmp8v24uzhk.csv.
2025-05-28 21:03:09,252 - INFO - Datos de consultas guardados en archivo JSON: C:\Users\camil\AppData\Local\Temp\tmpw0dxbbr0.json.
2025-05-28 21:03:09,255 - INFO - Datos de mascotas y due침os guardados en archivo CSV: C:\Users\camil\AppData\Local\Temp\tmprf0qixzx.csv.
2025-05-28 21:03:09,256 - INFO - Datos de consultas guardados en archivo JSON: C:\Users\camil\AppData\Local\Temp\tmpn2ymw1i9.json.
2025-05-30 16:43:04,843 - INFO - Datos de mascotas y due침os guardados en archivo CSV: C:\Users\camil\AppData\Local\Temp\tmpq_yk96us.csv.
2025-05-30 16:43:04,844 - INFO - Datos de consultas guardados en archivo JSON: C:\Users\camil\AppData\Local\Temp\tmpy7l8hx9u.json.
2025-05-30 16:43:04,855 - INFO - Datos de mascotas y due침os guardados en archivo CSV: C:\Users\camil\AppData\Local\Temp\tmpvb955q9c.csv.
2025-05-30 16:43:04,856 - INFO - Datos de consultas guardados en archivo JSON: C:\Users\camil\AppData\Local\Temp\tmpb0wuq8sr.json.
2025-05-30 16:45:54,502 - INFO - Datos de mascotas y due침os guardados en archivo CSV: C:\Users\camil\AppData\Local\Temp\tmp4g6d_4z8.csv.
2025-05-30 16:45:54,504 - INFO - Datos de consultas guardados en archivo JSON: C:\Users\camil\AppData\Local\Temp\tmpcow0gdcu.json.
2025-05-30 16:45:54,507 - INFO - Datos de mascotas y due침os guardados en archivo CSV: C:\Users\camil\AppData\Local\Temp\tmpduw07faf.csv.
2025-05-30 16:45:54,507 - INFO - Datos de consultas guardados en archivo JSON: C:\Users\camil\AppData\Local\Temp\tmpd5gpgjfo.json.
2025-05-30 16:59:08,115 - INFO - Datos de mascotas y due침os guardados en archivo CSV: test_mascotas.csv.
2025-05-30 16:59:08,117 - INFO - Datos de consultas guardados en archivo JSON: test_consultas.json.
2025-05-30 16:59:08,120 - INFO - Datos de mascotas y due침os guardados en archivo CSV: test_mascotas.csv.
2025-05-30 16:59:08,121 - INFO - Datos de consultas guardados en archivo JSON: test_consultas.json.
2025-05-30 17:01:28,750 - INFO - Datos de mascotas y due침os guardados en archivo CSV: test_mascotas.csv.
2025-05-30 17:01:28,751 - INFO - Datos de consultas guardados en archivo JSON: test_consultas.json.
2025-05-30 17:01:28,755 - INFO - Datos de mascotas y due침os guardados en archivo CSV: test_mascotas.csv.
2025-05-30 17:01:28,755 - INFO - Datos de consultas guardados en archivo JSON: test_consultas.json.
2025-05-30 17:04:45,487 - INFO - Datos de mascotas y due침os guardados en archivo CSV: test_mascotas.csv.
2025-05-30 17:04:45,489 - INFO - Datos de consultas guardados en archivo JSON: test_consultas.json.
2025-05-30 17:04:45,491 - INFO - Datos de mascotas y due침os guardados en archivo CSV: test_mascotas.csv.
2025-05-30 17:04:45,492 - INFO - Datos de consultas guardados en archivo JSON: test_consultas.json.
2025-05-30 17:06:02,410 - INFO - Datos de mascotas y due침os guardados en archivo CSV: test_mascotas.csv.
2025-05-30 17:06:02,412 - INFO - Datos de consultas guardados en archivo JSON: test_consultas.json.
2025-05-30 17:06:02,419 - INFO - Datos de mascotas y due침os guardados en archivo CSV: test_mascotas.csv.
2025-05-30 17:06:02,420 - INFO - Datos de consultas guardados en archivo JSON: test_consultas.json.
2025-05-30 17:07:10,265 - INFO - Datos de mascotas y due침os guardados en archivo CSV: test_mascotas.csv.
2025-05-30 17:07:10,266 - INFO - Datos de consultas guardados en archivo JSON: test_consultas.json.
2025-05-30 17:07:10,270 - INFO - Datos de mascotas y due침os guardados en archivo CSV: test_mascotas.csv.
2025-05-30 17:07:10,271 - INFO - Datos de consultas guardados en archivo JSON: test_consultas.json.
2025-05-30 17:07:23,810 - INFO - Datos de mascotas y due침os guardados en archivo CSV: test_mascotas.csv.
2025-05-30 17:07:23,811 - INFO - Datos de consultas guardados en archivo JSON: test_consultas.json.
2025-05-30 17:07:23,814 - INFO - Datos de mascotas y due침os guardados en archivo CSV: test_mascotas.csv.
2025-05-30 17:07:23,816 - INFO - Datos de consultas guardados en archivo JSON: test_consultas.json.
2025-05-30 17:07:45,926 - INFO - Datos de mascotas y due침os guardados en archivo CSV: test_mascotas.csv.
2025-05-30 17:07:45,927 - INFO - Datos de consultas guardados en archivo JSON: test_consultas.json.
2025-05-30 17:07:45,930 - INFO - Datos de mascotas y due침os guardados en archivo CSV: test_mascotas.csv.
2025-05-30 17:07:45,931 - INFO - Datos de consultas guardados en archivo JSON: test_consultas.json.
2025-05-30 17:46:42,338 - INFO - Datos de mascotas y due침os guardados en archivo CSV: test_mascotas.csv.
2025-05-30 17:46:42,339 - INFO - Datos de consultas guardados en archivo JSON: test_consultas.json.
2025-05-30 17:46:42,349 - INFO - Datos de mascotas y due침os guardados en archivo CSV: test_mascotas.csv.
2025-05-30 17:46:42,350 - INFO - Datos de consultas guardados en archivo JSON: test_consultas.json.
2025-05-30 17:49:16,283 - INFO - Datos de mascotas y due침os guardados en archivo CSV: test_mascotas.csv.
2025-05-30 17:49:16,285 - INFO - Datos de consultas guardados en archivo JSON: test_consultas.json.
2025-05-30 17:49:16,287 - INFO - Datos de mascotas y due침os guardados en archivo CSV: test_mascotas.csv.
2025-05-30 17:49:16,289 - INFO - Datos de consultas guardados en archivo JSON: test_consultas.json.
2025-05-30 17:53:40,389 - INFO - Datos de mascotas y due침os guardados en archivo CSV: test_mascotas.csv.
2025-05-30 17:53:40,393 - INFO - Datos de consultas guardados en archivo JSON: test_consultas.json.
2025-05-30 17:53:40,398 - INFO - Datos de mascotas y due침os guardados en archivo CSV: test_mascotas.csv.
2025-05-30 17:53:40,399 - INFO - Datos de consultas guardados en archivo JSON: test_consultas.json.
2025-05-30 17:54:30,836 - INFO - Datos de mascotas y due침os guardados en archivo CSV: test_mascotas.csv.
2025-05-30 17:54:30,837 - INFO - Datos de consultas guardados en archivo JSON: test_consultas.json.
2025-05-30 17:54:30,841 - INFO - Datos de mascotas y due침os guardados en archivo CSV: test_mascotas.csv.
2025-05-30 17:54:30,842 - INFO - Datos de consultas guardados en archivo JSON: test_consultas.json.
2025-05-30 17:56:50,387 - INFO - Datos de mascotas y due침os guardados en archivo CSV: test_mascotas.csv.
2025-05-30 17:56:50,388 - INFO - Datos de consultas guardados en archivo JSON: test_consultas.json.
2025-05-30 17:56:50,391 - INFO - Datos de mascotas y due침os guardados en archivo CSV: test_mascotas.csv.
2025-05-30 17:56:50,394 - INFO - Datos de consultas guardados en archivo JSON: test_consultas.json.
2025-05-30 18:08:36,872 - INFO - Datos de mascotas y due침os guardados en archivo CSV: test_mascotas.csv.
2025-05-30 18:08:36,873 - INFO - Datos de consultas guardados en archivo JSON: test_consultas.json.
2025-05-30 18:08:36,876 - INFO - Datos de mascotas y due침os guardados en archivo CSV: test_mascotas.csv.
2025-05-30 18:08:36,877 - INFO - Datos de consultas guardados en archivo JSON: test_consultas.json.
2025-06-02 14:11:08,319 - INFO - Inicio de la Aplicaci칩n
2025-06-02 14:11:08,320 - INFO - Datos de mascotas y due침os cargados desde Mascotas_due침os.csv.
2025-06-02 14:11:08,321 - INFO - Datos de consultas cargados exitosamente desde consultas.json.
2025-06-02 14:22:14,251 - WARNING - Opci칩n inv치lida seleccionada: & C:/Users/camil/AppData/Local/Programs/Python/Python313/python.exe "c:/Users/camil/OneDrive/Escritorio/Python Scripts/curso-python-softserve/Sprint_7 - Veterinaria Amigos Peludos - Test/main.py"
2025-06-02 14:22:31,755 - INFO - Inicio de la Aplicaci칩n
2025-06-02 14:22:31,756 - INFO - Datos de mascotas y due침os cargados desde Mascotas_due침os.csv.
2025-06-02 14:22:31,756 - INFO - Datos de consultas cargados exitosamente desde consultas.json.
2025-06-02 14:25:56,588 - WARNING - Opci칩n inv치lida seleccionada: & C:/Users/camil/AppData/Local/Programs/Python/Python313/python.exe "c:/Users/camil/OneDrive/Escritorio/Python Scripts/curso-python-softserve/Sprint_7 - Veterinaria Amigos Peludos - Test/main.py"
2025-06-02 14:26:06,508 - INFO - Inicio de la Aplicaci칩n
2025-06-02 14:26:06,509 - INFO - Datos de mascotas y due침os cargados desde Mascotas_due침os.csv.
2025-06-02 14:26:06,510 - ERROR - Error inesperado al cargar datos JSON desde consultas.json: 'Mascota' object has no attribute 'nombre_paciente'.
2025-06-02 14:28:21,965 - INFO - Inicio de la Aplicaci칩n
2025-06-02 14:28:21,966 - INFO - Datos de mascotas y due침os cargados desde Mascotas_due침os.csv.
2025-06-02 14:28:21,967 - ERROR - Error inesperado al cargar datos JSON desde consultas.json: 'Mascota' object has no attribute 'nombre_paciente'.
2025-06-02 15:25:49,317 - WARNING - Opci칩n inv치lida seleccionada: & C:/Users/camil/AppData/Local/Programs/Python/Python313/python.exe "c:/Users/camil/OneDrive/Escritorio/Python Scripts/curso-python-softserve/Sprint_7 - Veterinaria Amigos Peludos - Test/main.py"
2025-06-03 20:16:34,112 - INFO - Datos del due침o John 3013020202 Av 6registrados satisfactoriamente
2025-06-03 20:20:26,559 - INFO - Proceso de registro de Due침o no se pudo completar debido a un error en los parametros requeridos
